<?xml version="1.0" encoding="UTF-8"?>
<!-- Generated by org.testng.reporters.JUnitReportReporter -->
<testsuite hostname="VivekKashyaps-MacBook-Air.local" failures="0" tests="1" name="TestState" time="1.072" errors="0" timestamp="2023-01-30T23:06:48 IST" skipped="0">
  <testcase classname="TestState" name="StateCheck" time="1.072"/>
  <system-out/>
</testsuite> <!-- TestState -->
