<?xml version="1.0" encoding="UTF-8"?>
<!-- Generated by org.testng.reporters.JUnitReportReporter -->
<testsuite hostname="VivekKashyaps-MacBook-Air.local" failures="0" tests="1" name="VaccinePriceTest" time="1.248" errors="0" timestamp="2023-02-01T12:20:06 IST" skipped="0">
  <testcase classname="VaccinePriceTest" name="StateCheck" time="1.248"/>
  <system-out/>
</testsuite> <!-- VaccinePriceTest -->
