<?xml version="1.0" encoding="UTF-8"?>
<!-- Generated by org.testng.reporters.JUnitReportReporter -->
<testsuite hostname="VivekKashyaps-MacBook-Air.local" failures="0" tests="1" name="TestState" time="0.255" errors="0" timestamp="2023-02-01T12:20:06 IST" skipped="0">
  <testcase classname="TestState" name="StateCheck" time="0.255"/>
  <system-out/>
</testsuite> <!-- TestState -->
